0 info it worked if it ends with ok
1 verbose cli [ '/mnt/hdd/andy/build/node-v4.6.0-linux-x64/bin/node',
1 verbose cli   '/home/andy/build/node-v4.6.0-linux-x64/bin/npm',
1 verbose cli   'run',
1 verbose cli   'gulp:watch' ]
2 info using npm@2.15.9
3 info using node@v4.6.0
4 verbose run-script [ 'pregulp:watch', 'gulp:watch', 'postgulp:watch' ]
5 info pregulp:watch gem@1.0.0
6 info gulp:watch gem@1.0.0
7 verbose unsafe-perm in lifecycle true
8 info gem@1.0.0 Failed to exec gulp:watch script
9 verbose stack Error: gem@1.0.0 gulp:watch: `gulp watch`
9 verbose stack Exit status 1
9 verbose stack     at EventEmitter.<anonymous> (/mnt/hdd/andy/build/node-v4.6.0-linux-x64/lib/node_modules/npm/lib/utils/lifecycle.js:217:16)
9 verbose stack     at emitTwo (events.js:87:13)
9 verbose stack     at EventEmitter.emit (events.js:172:7)
9 verbose stack     at ChildProcess.<anonymous> (/mnt/hdd/andy/build/node-v4.6.0-linux-x64/lib/node_modules/npm/lib/utils/spawn.js:24:14)
9 verbose stack     at emitTwo (events.js:87:13)
9 verbose stack     at ChildProcess.emit (events.js:172:7)
9 verbose stack     at maybeClose (internal/child_process.js:829:16)
9 verbose stack     at Process.ChildProcess._handle.onexit (internal/child_process.js:211:5)
10 verbose pkgid gem@1.0.0
11 verbose cwd /mnt/hdd/andy/repos/gem/js
12 error Linux 3.19.0-22-generic
13 error argv "/mnt/hdd/andy/build/node-v4.6.0-linux-x64/bin/node" "/home/andy/build/node-v4.6.0-linux-x64/bin/npm" "run" "gulp:watch"
14 error node v4.6.0
15 error npm  v2.15.9
16 error code ELIFECYCLE
17 error gem@1.0.0 gulp:watch: `gulp watch`
17 error Exit status 1
18 error Failed at the gem@1.0.0 gulp:watch script 'gulp watch'.
18 error This is most likely a problem with the gem package,
18 error not with npm itself.
18 error Tell the author that this fails on your system:
18 error     gulp watch
18 error You can get information on how to open an issue for this project with:
18 error     npm bugs gem
18 error Or if that isn't available, you can get their info via:
18 error
18 error     npm owner ls gem
18 error There is likely additional logging output above.
19 verbose exit [ 1, true ]
